<?xml version="1.0" encoding="UTF-8"?>
<!-- Generated by org.testng.reporters.JUnitReportReporter -->
<testsuite hostname="DESKTOP-MOK7TM7" failures="0" tests="1" name="testpkg.westsidetest" time="1.724" errors="0" timestamp="2023-12-30T16:20:42 IST" skipped="0">
  <testcase classname="testpkg.westsidetest" name="set" time="1.724"/>
  <system-out/>
</testsuite> <!-- testpkg.westsidetest -->
