<?xml version="1.0" encoding="UTF-8"?>
<!-- Generated by org.testng.reporters.JUnitReportReporter -->
<testsuite hostname="DESKTOP-MOK7TM7" failures="0" tests="1" name="testpkg.Demotest" time="0.865" errors="0" timestamp="2023-12-30T16:09:47 IST" skipped="0">
  <testcase classname="testpkg.Demotest" name="excelread" time="0.865"/>
  <system-out/>
</testsuite> <!-- testpkg.Demotest -->
